[00:00] Crash dump logging enabled: /Users/runner/work/ComfyUI-UniRig/ComfyUI-UniRig/comfy-test-results/crash_dump.log
[00:00] 
[00:00] [1/7] SYNTAX
[00:00] ----------------------------------------
[00:00] Found pyproject.toml (modern format)
[00:00] Found requirements.txt (legacy format)
[00:00] Unicode check: OK (all characters cp1252-safe)
[00:00] [SYNTAX] PASSED
[00:00] 
[00:00] [2/7] INSTALL
[00:00] ----------------------------------------
[00:00] Using existing ComfyUI: /Users/runner/venv/ComfyUI
[00:00] Installing custom node...
[00:00] Linking ComfyUI-UniRig to custom_nodes/...
[00:00] Installing node requirements...
[00:00] Running: /Users/runner/venv/venv/bin/python3.11 -m uv pip install -r /Users/runner/work/ComfyUI-UniRig/ComfyUI-UniRig/requirements.txt
[00:02] Running install.py...
[00:02] Running: /Users/runner/venv/venv/bin/python3.11 /Users/runner/work/ComfyUI-UniRig/ComfyUI-UniRig/install.py
[01:07]   [apt] Skipping apt packages (not Linux)
[01:07]   
[01:07]   Installing 1 node dependencies...
[01:07]     Cloning ComfyUI-GeometryPack from https://github.com/PozzettiAndrea/ComfyUI-GeometryPack...
[01:07]     Installing requirements for ComfyUI-GeometryPack...
[01:07]     Running install.py for ComfyUI-GeometryPack...
[01:07]   No packages to install
[01:07]   
[01:07]   [isolated] Installing: nodes/nodes_gpu
[01:07]   Generated /Users/runner/work/ComfyUI-UniRig/ComfyUI-UniRig/nodes/nodes_gpu/pixi.toml
[01:07]   Running pixi install...
[01:07]   pixi install failed:
[01:07]    WARN Encountered 1 warning while parsing the manifest:
[01:07]     âš  The target selector 'linux-64' does not match any of the platforms supported by the workspace
[01:07]       â•­â”€[/Users/runner/work/ComfyUI-UniRig/ComfyUI-UniRig/nodes/nodes_gpu/pixi.toml:27:9]
[01:07]    26 â”‚     
[01:07]    27 â”‚     [target.linux-64.pypi-dependencies]
[01:07]       Â·             â”€â”€â”€â”€â”¬â”€â”€â”€
[01:07]       Â·                 â•°â”€â”€ target selector specified here
[01:07]    28 â”‚     triton = ">=3.0.0"
[01:07]    29 â”‚     
[01:07]    30 â”‚     [workspace]
[01:07]    31 â”‚     name = "nodes_gpu"
[01:07]    32 â”‚     version = "0.1.0"
[01:07]    33 â”‚     channels = [
[01:07]    34 â”‚         "conda-forge",
[01:07]    35 â”‚     ]
[01:07]    36 â”‚ â•­â”€â–¶ platforms = [
[01:07]    37 â”‚ â”‚       "osx-arm64",
[01:07]    38 â”‚ â”œâ”€â–¶ ]
[01:07]       Â· â•°â”€â”€â”€â”€ the platforms supported by the workspace are defined here
[01:07]    39 â”‚     
[01:07]       â•°â”€â”€â”€â”€
[01:07]     help: Add linux-64 to the supported platforms, using `pixi project platform add linux-64`
[01:07]   
[01:07]   Error:   Ã— failed to solve the pypi requirements of environment 'default' for platform 'osx-arm64'
[01:07]     â”œâ”€â–¶ failed to resolve pypi dependencies
[01:07]     â”œâ”€â–¶ Failed to download and build `cumm==0.1.0`
[01:07]     â”œâ”€â–¶ The build backend returned an error
[01:07]     â•°â”€â–¶ Call to `setuptools.build_meta.build_wheel` failed (exit status: 1)
[01:07]   
[01:07]         [31m[stderr][39m
[01:07]         Traceback (most recent call last):
[01:07]           File "<string>", line 14, in <module>
[01:07]           File "/Users/runner/Library/Caches/rattler/cache/uv-cache/builds-v0/.tmphqSv21/lib/python3.11/site-packages/setuptools/build_meta.py", line 333, in get_requires_for_build_wheel
[01:07]             return self._get_build_requires(config_settings, requirements=[])
[01:07]                    ^^^^^^^^^^^^^^^^^^^^^^^^^^^^^^^^^^^^^^^^^^^^^^^^^^^^^^^^^^
[01:07]           File "/Users/runner/Library/Caches/rattler/cache/uv-cache/builds-v0/.tmphqSv21/lib/python3.11/site-packages/setuptools/build_meta.py", line 301, in _get_build_requires
[01:07]             self.run_setup()
[01:07]           File "/Users/runner/Library/Caches/rattler/cache/uv-cache/builds-v0/.tmphqSv21/lib/python3.11/site-packages/setuptools/build_meta.py", line 317, in run_setup
[01:07]             exec(code, locals())
[01:07]           File "<string>", line 62, in <module>
[01:07]         FileNotFoundError: [Errno 2] No such file or directory: 'version.txt'
[01:07]   
[01:07]         [36m[1mhint[0m[39m[1m:[0m This usually indicates a problem with the package or the build environment.
[01:07] Command failed with code 1
[01:07] stderr: Traceback (most recent call last):
  File "/Users/runner/work/ComfyUI-UniRig/ComfyUI-UniRig/install.py", line 2, in <module>
    install()
  File "/Users/runner/venv/venv/lib/python3.11/site-packages/comfy_env/install.py", line 74, in install
    _install_isolated_subdirs(node_dir, log, dry_run)
  File "/Users/runner/venv/venv/lib/python3.11/site-packages/comfy_env/install.py", line 318, in _install_isolated_subdirs
    pixi_install(sub_cfg, sub_dir, log)
  File "/Users/runner/venv/venv/lib/python3.11/site-packages/comfy_env/pixi/core.py", line 472, in pixi_install
RuntimeError: pixi install failed:  WARN Encountered 1 warning while parsing the manifest:
  âš  The target selector 'linux-64' does not match any of the platforms supported by the workspace
    â•­â”€[/Users/runner/work/ComfyUI-UniRig/ComfyUI-UniRig/nodes/nodes_gpu/pixi.toml:27:9]
 26 â”‚     
 27 â”‚     [target.linux-64.pypi-dependencies]
    Â·             â”€â”€â”€â”€â”¬â”€â”€â”€
    Â·                 â•°â”€â”€ target selector specified here
 28 â”‚     triton = ">=3.0.0"
 29 â”‚     
 30 â”‚     [workspace]
 31 â”‚     name = "nodes_gpu"
 32 â”‚     version = "0.1.0"
 33 â”‚     channels = [
 34 â”‚         "conda-forge",
 35 â”‚     ]
 36 â”‚ â•­â”€â–¶ platforms = [
 37 â”‚ â”‚       "osx-arm64",
 38 â”‚ â”œâ”€â–¶ ]
    Â· â•°â”€â”€â”€â”€ the platforms supported by the workspace are defined here
 39 â”‚     
    â•°â”€â”€â”€â”€
  help: Add linux-64 to the supported platforms, using `pixi project platform add linux-64`

Error:   Ã— failed to solve the pypi requirements of environment 'default' for platform 'osx-arm64'
  â”œâ”€â–¶ failed to resolve pypi dependencies
  â”œâ”€â–¶ Failed to download and build `cumm==0.1.0`
  â”œâ”€â–¶ The build backend returned an error
  â•°â”€â–¶ Call to `setuptools.build_meta.build_wheel` failed (exit status: 1)

      [31m[stderr][39m
      Traceback (most recent call last):
        File "<string>", line 14, in <module>
        File "/Users/runner/Library/Caches/rattler/cache/uv-cache/builds-v0/.tmphqSv21/lib/python3.11/site-packages/setuptools/build_meta.py", line 333, in get_requires_for_build_wheel
          return self._get_build_requires(config_settings, requirements=[])
                 ^^^^^^^^^^^^^^^^^^^^^^^^^^^^^^^^^^^^^^^^^^^^^^^^^^^^^^^^^^
        File "/Users/runner/Library/Caches/rattler/cache/uv-cache/builds-v0/.tmphqSv21/lib/python3.11/site-packages/setuptools/build_meta.py", line 301, in _get_build_requires
          self.run_setup()
        File "/Users/runner/Library/Caches/rattler/cache/uv-cache/builds-v0/.tmphqSv21/lib/python3.11/site-packages/setuptools/build_meta.py", line 317, in run_setup
          exec(code, locals())
        File "<string>", line 62, in <module>
      FileNotFoundError: [Errno 2] No such file or directory: 'version.txt'

      [36m[1mhint[0m[39m[1m:[0m This usually indicates a problem with the package or the build environment.



[01:07] 
macos: FAILED (unexpected error)
[01:07] Error: Command '['/Users/runner/venv/venv/bin/python3.11', '/Users/runner/work/ComfyUI-UniRig/ComfyUI-UniRig/install.py']' returned non-zero exit status 1.
