[00:00] Crash dump logging enabled: D:\a\ComfyUI-UniRig\ComfyUI-UniRig\.comfy-test\crash_dump.log
[00:00] 
[00:00] [1/7] SYNTAX
[00:00] ----------------------------------------
[00:00] Found pyproject.toml (modern format)
[00:00] Found requirements.txt (legacy format)
[00:00] Unicode check: OK (all characters cp1252-safe)
[00:00] [SYNTAX] PASSED
[00:00] Setting up Windows isolation...
[00:00]   Isolated TEMP: C:\Users\runneradmin\AppData\Local\Temp\comfy_test_6__yiwd1\temp
[00:00]   Isolation active
[00:00] 
[00:00] [2/7] INSTALL
[00:00] ----------------------------------------
[00:00] Setting up ComfyUI...
[00:00] Cloning ComfyUI (latest)...
[00:00] Running: git clone --depth 1 https://github.com/comfyanonymous/ComfyUI.git C:\Users\runneradmin\AppData\Local\Temp\comfy_test_6__yiwd1\ComfyUI
[00:04] Creating virtual environment...
[00:04] Running: C:\hostedtoolcache\windows\Python\3.13.11\x64\python.exe -m venv C:\Users\runneradmin\AppData\Local\Temp\comfy_test_6__yiwd1\venv
[00:13] Installing uv into venv...
[00:13] Running: C:\Users\runneradmin\AppData\Local\Temp\comfy_test_6__yiwd1\venv\Scripts\python.exe -m pip install uv
[00:15]   Collecting uv
[00:15]     Using cached uv-0.9.27-py3-none-win_amd64.whl.metadata (12 kB)
[00:15]   Using cached uv-0.9.27-py3-none-win_amd64.whl (23.4 MB)
[00:15]   Installing collected packages: uv
[00:15]   Successfully installed uv-0.9.27
[00:15] Installing PyTorch (CPU)...
[00:15] Running: C:\Users\runneradmin\AppData\Local\Temp\comfy_test_6__yiwd1\venv\Scripts\python.exe -m uv pip install torch==2.8.0 torchvision torchaudio --index-url https://download.pytorch.org/whl/cpu
[01:19] Installing ComfyUI requirements...
[01:19] Running: C:\Users\runneradmin\AppData\Local\Temp\comfy_test_6__yiwd1\venv\Scripts\python.exe -m uv pip install -r C:\Users\runneradmin\AppData\Local\Temp\comfy_test_6__yiwd1\ComfyUI\requirements.txt
[01:54] Installing custom node...
[01:54] Copying ComfyUI-UniRig to custom_nodes/...
[01:55] Installing node requirements...
[01:55] Running: C:\Users\runneradmin\AppData\Local\Temp\comfy_test_6__yiwd1\venv\Scripts\python.exe -m uv pip install -r C:\Users\runneradmin\AppData\Local\Temp\comfy_test_6__yiwd1\ComfyUI\custom_nodes\ComfyUI-UniRig\requirements.txt
[02:52] Running install.py...
[02:52] Running: C:\Users\runneradmin\AppData\Local\Temp\comfy_test_6__yiwd1\venv\Scripts\python.exe C:\Users\runneradmin\AppData\Local\Temp\comfy_test_6__yiwd1\ComfyUI\custom_nodes\ComfyUI-UniRig\install.py
[02:57]   ============================================================
[02:57]   ComfyUI-UniRig Installation
[02:57]   ============================================================
[02:57]   
[02:57]   [UniRig] Installation FAILED: install() got an unexpected keyword argument 'config'
[02:57]   [UniRig] Report issues at: https://github.com/PozzettiAndrea/ComfyUI-UniRig/issues
[02:57] Command failed with code 1
[03:15] Tearing down Windows isolation...
[03:15]   Environment restored
[03:15]   Isolation torn down
[03:15] 
windows: FAILED (unexpected error)
[03:15] Error: Command '['C:\\Users\\runneradmin\\AppData\\Local\\Temp\\comfy_test_6__yiwd1\\venv\\Scripts\\python.exe', 'C:\\Users\\runneradmin\\AppData\\Local\\Temp\\comfy_test_6__yiwd1\\ComfyUI\\custom_nodes\\ComfyUI-UniRig\\install.py']' returned non-zero exit status 1.
