[00:00] Crash dump logging enabled: D:\a\ComfyUI-UniRig\ComfyUI-UniRig\comfy-test-results\crash_dump.log
[00:00] 
[00:00] [1/7] SYNTAX
[00:00] ----------------------------------------
[00:00] Found pyproject.toml (modern format)
[00:00] Found requirements.txt (legacy format)
[00:00] Unicode check: OK (all characters cp1252-safe)
[00:00] [SYNTAX] PASSED
[00:00] Setting up Windows isolation...
[00:00]   Isolated TEMP: C:\Users\runneradmin\AppData\Local\Temp\comfy_test_v4xxq76w\temp
[00:00]   Isolation active
[00:00] 
[00:00] [2/7] INSTALL
[00:00] ----------------------------------------
[00:00] Using existing ComfyUI: C:\Users\runneradmin\venv\ComfyUI
[00:00] Installing custom node...
[00:00] Copying ComfyUI-UniRig to custom_nodes/...
[00:01] Installing node requirements...
[00:01] Running: C:\Users\runneradmin\venv\venv\Scripts\python.exe -m pip install -r C:\Users\runneradmin\venv\ComfyUI\custom_nodes\ComfyUI-UniRig\requirements.txt
[00:13]   Collecting comfy-env>=0.1.8 (from -r C:\Users\runneradmin\venv\ComfyUI\custom_nodes\ComfyUI-UniRig\requirements.txt (line 2))
[00:13]     Downloading comfy_env-0.1.10-py3-none-any.whl.metadata (7.0 kB)
[00:13]   Collecting comfy-3d-viewers==0.2.1 (from -r C:\Users\runneradmin\venv\ComfyUI\custom_nodes\ComfyUI-UniRig\requirements.txt (line 3))
[00:13]     Downloading comfy_3d_viewers-0.2.1-py3-none-any.whl.metadata (2.2 kB)
[00:13]   Requirement already satisfied: numpy in c:\users\runneradmin\venv\venv\lib\site-packages (from -r C:\Users\runneradmin\venv\ComfyUI\custom_nodes\ComfyUI-UniRig\requirements.txt (line 5)) (2.4.1)
[00:13]   Requirement already satisfied: scipy in c:\users\runneradmin\venv\venv\lib\site-packages (from -r C:\Users\runneradmin\venv\ComfyUI\custom_nodes\ComfyUI-UniRig\requirements.txt (line 6)) (1.17.0)
[00:13]   Collecting libigl (from -r C:\Users\runneradmin\venv\ComfyUI\custom_nodes\ComfyUI-UniRig\requirements.txt (line 7))
[00:13]     Downloading libigl-2.6.1-cp311-cp311-win_amd64.whl.metadata (4.8 kB)
[00:13]   Collecting trimesh[easy] (from -r C:\Users\runneradmin\venv\ComfyUI\custom_nodes\ComfyUI-UniRig\requirements.txt (line 4))
[00:13]     Downloading trimesh-4.11.1-py3-none-any.whl.metadata (13 kB)
[00:13]   Requirement already satisfied: pip>=21.0 in c:\users\runneradmin\venv\venv\lib\site-packages (from comfy-env>=0.1.8->-r C:\Users\runneradmin\venv\ComfyUI\custom_nodes\ComfyUI-UniRig\requirements.txt (line 2)) (24.0)
[00:13]   Collecting tomli-w>=1.0.0 (from comfy-env>=0.1.8->-r C:\Users\runneradmin\venv\ComfyUI\custom_nodes\ComfyUI-UniRig\requirements.txt (line 2))
[00:13]     Downloading tomli_w-1.2.0-py3-none-any.whl.metadata (5.7 kB)
[00:13]   Collecting uv>=0.4.0 (from comfy-env>=0.1.8->-r C:\Users\runneradmin\venv\ComfyUI\custom_nodes\ComfyUI-UniRig\requirements.txt (line 2))
[00:13]     Downloading uv-0.9.28-py3-none-win_amd64.whl.metadata (12 kB)
[00:13]   Collecting colorlog (from trimesh[easy]->-r C:\Users\runneradmin\venv\ComfyUI\custom_nodes\ComfyUI-UniRig\requirements.txt (line 4))
[00:13]     Downloading colorlog-6.10.1-py3-none-any.whl.metadata (11 kB)
[00:13]   Collecting manifold3d>=2.3.0 (from trimesh[easy]->-r C:\Users\runneradmin\venv\ComfyUI\custom_nodes\ComfyUI-UniRig\requirements.txt (line 4))
[00:13]     Downloading manifold3d-3.3.2-cp311-cp311-win_amd64.whl.metadata (19 kB)
[00:13]   Requirement already satisfied: charset-normalizer in c:\users\runneradmin\venv\venv\lib\site-packages (from trimesh[easy]->-r C:\Users\runneradmin\venv\ComfyUI\custom_nodes\ComfyUI-UniRig\requirements.txt (line 4)) (3.4.4)
[00:13]   Collecting lxml (from trimesh[easy]->-r C:\Users\runneradmin\venv\ComfyUI\custom_nodes\ComfyUI-UniRig\requirements.txt (line 4))
[00:13]     Downloading lxml-6.0.2-cp311-cp311-win_amd64.whl.metadata (3.7 kB)
[00:13]   Collecting jsonschema (from trimesh[easy]->-r C:\Users\runneradmin\venv\ComfyUI\custom_nodes\ComfyUI-UniRig\requirements.txt (line 4))
[00:13]     Downloading jsonschema-4.26.0-py3-none-any.whl.metadata (7.6 kB)
[00:13]   Requirement already satisfied: networkx in c:\users\runneradmin\venv\venv\lib\site-packages (from trimesh[easy]->-r C:\Users\runneradmin\venv\ComfyUI\custom_nodes\ComfyUI-UniRig\requirements.txt (line 4)) (3.6.1)
[00:13]   Collecting svg.path (from trimesh[easy]->-r C:\Users\runneradmin\venv\ComfyUI\custom_nodes\ComfyUI-UniRig\requirements.txt (line 4))
[00:13]     Downloading svg_path-7.0-py2.py3-none-any.whl.metadata (14 kB)
[00:13]   Collecting pycollada (from trimesh[easy]->-r C:\Users\runneradmin\venv\ComfyUI\custom_nodes\ComfyUI-UniRig\requirements.txt (line 4))
[00:13]     Downloading pycollada-0.9.3-py3-none-any.whl.metadata (1.7 kB)
[00:13]   Collecting shapely (from trimesh[easy]->-r C:\Users\runneradmin\venv\ComfyUI\custom_nodes\ComfyUI-UniRig\requirements.txt (line 4))
[00:13]     Downloading shapely-2.1.2-cp311-cp311-win_amd64.whl.metadata (7.1 kB)
[00:13]   Collecting xxhash (from trimesh[easy]->-r C:\Users\runneradmin\venv\ComfyUI\custom_nodes\ComfyUI-UniRig\requirements.txt (line 4))
[00:13]     Downloading xxhash-3.6.0-cp311-cp311-win_amd64.whl.metadata (13 kB)
[00:13]   Collecting rtree (from trimesh[easy]->-r C:\Users\runneradmin\venv\ComfyUI\custom_nodes\ComfyUI-UniRig\requirements.txt (line 4))
[00:13]     Downloading rtree-1.4.1-py3-none-win_amd64.whl.metadata (2.2 kB)
[00:13]   Requirement already satisfied: httpx in c:\users\runneradmin\venv\venv\lib\site-packages (from trimesh[easy]->-r C:\Users\runneradmin\venv\ComfyUI\custom_nodes\ComfyUI-UniRig\requirements.txt (line 4)) (0.28.1)
[00:13]   Requirement already satisfied: pillow in c:\users\runneradmin\venv\venv\lib\site-packages (from trimesh[easy]->-r C:\Users\runneradmin\venv\ComfyUI\custom_nodes\ComfyUI-UniRig\requirements.txt (line 4)) (12.1.0)
[00:13]   Collecting vhacdx (from trimesh[easy]->-r C:\Users\runneradmin\venv\ComfyUI\custom_nodes\ComfyUI-UniRig\requirements.txt (line 4))
[00:13]     Downloading vhacdx-0.0.10-cp311-cp311-win_amd64.whl.metadata (1.1 kB)
[00:13]   Collecting mapbox_earcut>=1.0.2 (from trimesh[easy]->-r C:\Users\runneradmin\venv\ComfyUI\custom_nodes\ComfyUI-UniRig\requirements.txt (line 4))
[00:13]     Downloading mapbox_earcut-2.0.0-cp311-cp311-win_amd64.whl.metadata (2.5 kB)
[00:13]   Requirement already satisfied: colorama in c:\users\runneradmin\venv\venv\lib\site-packages (from colorlog->trimesh[easy]->-r C:\Users\runneradmin\venv\ComfyUI\custom_nodes\ComfyUI-UniRig\requirements.txt (line 4)) (0.4.6)
[00:13]   Requirement already satisfied: anyio in c:\users\runneradmin\venv\venv\lib\site-packages (from httpx->trimesh[easy]->-r C:\Users\runneradmin\venv\ComfyUI\custom_nodes\ComfyUI-UniRig\requirements.txt (line 4)) (4.12.1)
[00:13]   Requirement already satisfied: certifi in c:\users\runneradmin\venv\venv\lib\site-packages (from httpx->trimesh[easy]->-r C:\Users\runneradmin\venv\ComfyUI\custom_nodes\ComfyUI-UniRig\requirements.txt (line 4)) (2026.1.4)
[00:13]   Requirement already satisfied: httpcore==1.* in c:\users\runneradmin\venv\venv\lib\site-packages (from httpx->trimesh[easy]->-r C:\Users\runneradmin\venv\ComfyUI\custom_nodes\ComfyUI-UniRig\requirements.txt (line 4)) (1.0.9)
[00:13]   Requirement already satisfied: idna in c:\users\runneradmin\venv\venv\lib\site-packages (from httpx->trimesh[easy]->-r C:\Users\runneradmin\venv\ComfyUI\custom_nodes\ComfyUI-UniRig\requirements.txt (line 4)) (3.11)
[00:13]   Requirement already satisfied: h11>=0.16 in c:\users\runneradmin\venv\venv\lib\site-packages (from httpcore==1.*->httpx->trimesh[easy]->-r C:\Users\runneradmin\venv\ComfyUI\custom_nodes\ComfyUI-UniRig\requirements.txt (line 4)) (0.16.0)
[00:13]   Requirement already satisfied: attrs>=22.2.0 in c:\users\runneradmin\venv\venv\lib\site-packages (from jsonschema->trimesh[easy]->-r C:\Users\runneradmin\venv\ComfyUI\custom_nodes\ComfyUI-UniRig\requirements.txt (line 4)) (25.4.0)
[00:13]   Collecting jsonschema-specifications>=2023.03.6 (from jsonschema->trimesh[easy]->-r C:\Users\runneradmin\venv\ComfyUI\custom_nodes\ComfyUI-UniRig\requirements.txt (line 4))
[00:13]     Downloading jsonschema_specifications-2025.9.1-py3-none-any.whl.metadata (2.9 kB)
[00:13]   Collecting referencing>=0.28.4 (from jsonschema->trimesh[easy]->-r C:\Users\runneradmin\venv\ComfyUI\custom_nodes\ComfyUI-UniRig\requirements.txt (line 4))
[00:13]     Downloading referencing-0.37.0-py3-none-any.whl.metadata (2.8 kB)
[00:13]   Collecting rpds-py>=0.25.0 (from jsonschema->trimesh[easy]->-r C:\Users\runneradmin\venv\ComfyUI\custom_nodes\ComfyUI-UniRig\requirements.txt (line 4))
[00:13]     Downloading rpds_py-0.30.0-cp311-cp311-win_amd64.whl.metadata (4.2 kB)
[00:13]   Collecting python-dateutil (from pycollada->trimesh[easy]->-r C:\Users\runneradmin\venv\ComfyUI\custom_nodes\ComfyUI-UniRig\requirements.txt (line 4))
[00:13]     Downloading python_dateutil-2.9.0.post0-py2.py3-none-any.whl.metadata (8.4 kB)
[00:13]   Requirement already satisfied: typing-extensions>=4.4.0 in c:\users\runneradmin\venv\venv\lib\site-packages (from referencing>=0.28.4->jsonschema->trimesh[easy]->-r C:\Users\runneradmin\venv\ComfyUI\custom_nodes\ComfyUI-UniRig\requirements.txt (line 4)) (4.15.0)
[00:13]   Collecting six>=1.5 (from python-dateutil->pycollada->trimesh[easy]->-r C:\Users\runneradmin\venv\ComfyUI\custom_nodes\ComfyUI-UniRig\requirements.txt (line 4))
[00:13]     Downloading six-1.17.0-py2.py3-none-any.whl.metadata (1.7 kB)
[00:13]   Downloading comfy_3d_viewers-0.2.1-py3-none-any.whl (1.3 MB)
[00:13]      ---------------------------------------- 1.3/1.3 MB 27.6 MB/s eta 0:00:00
[00:13]   Downloading comfy_env-0.1.10-py3-none-any.whl (73 kB)
[00:13]      ---------------------------------------- 73.5/73.5 kB 1.3 MB/s eta 0:00:00
[00:13]   Downloading libigl-2.6.1-cp311-cp311-win_amd64.whl (13.5 MB)
[00:13]      ---------------------------------------- 13.5/13.5 MB 93.8 MB/s eta 0:00:00
[00:13]   Downloading manifold3d-3.3.2-cp311-cp311-win_amd64.whl (962 kB)
[00:13]      --------------------------------------- 962.0/962.0 kB 30.7 MB/s eta 0:00:00
[00:13]   Downloading mapbox_earcut-2.0.0-cp311-cp311-win_amd64.whl (56 kB)
[00:13]      ---------------------------------------- 56.7/56.7 kB 3.1 MB/s eta 0:00:00
[00:13]   Downloading tomli_w-1.2.0-py3-none-any.whl (6.7 kB)
[00:13]   Downloading uv-0.9.28-py3-none-win_amd64.whl (23.4 MB)
[00:13]      ---------------------------------------- 23.4/23.4 MB 50.4 MB/s eta 0:00:00
[00:13]   Downloading colorlog-6.10.1-py3-none-any.whl (11 kB)
[00:13]   Downloading jsonschema-4.26.0-py3-none-any.whl (90 kB)
[00:13]      ---------------------------------------- 90.6/90.6 kB 5.4 MB/s eta 0:00:00
[00:13]   Downloading lxml-6.0.2-cp311-cp311-win_amd64.whl (4.0 MB)
[00:13]      ---------------------------------------- 4.0/4.0 MB 85.7 MB/s eta 0:00:00
[00:13]   Downloading pycollada-0.9.3-py3-none-any.whl (129 kB)
[00:13]      ---------------------------------------- 129.2/129.2 kB 3.8 MB/s eta 0:00:00
[00:13]   Downloading rtree-1.4.1-py3-none-win_amd64.whl (389 kB)
[00:13]      --------------------------------------- 389.4/389.4 kB 25.3 MB/s eta 0:00:00
[00:13]   Downloading shapely-2.1.2-cp311-cp311-win_amd64.whl (1.7 MB)
[00:13]      ---------------------------------------- 1.7/1.7 MB 55.2 MB/s eta 0:00:00
[00:13]   Downloading svg_path-7.0-py2.py3-none-any.whl (18 kB)
[00:13]   Downloading trimesh-4.11.1-py3-none-any.whl (740 kB)
[00:13]      --------------------------------------- 740.4/740.4 kB 23.6 MB/s eta 0:00:00
[00:13]   Downloading vhacdx-0.0.10-cp311-cp311-win_amd64.whl (194 kB)
[00:13]      --------------------------------------- 194.1/194.1 kB 11.5 MB/s eta 0:00:00
[00:13]   Downloading xxhash-3.6.0-cp311-cp311-win_amd64.whl (31 kB)
[00:13]   Downloading jsonschema_specifications-2025.9.1-py3-none-any.whl (18 kB)
[00:13]   Downloading referencing-0.37.0-py3-none-any.whl (26 kB)
[00:13]   Downloading rpds_py-0.30.0-cp311-cp311-win_amd64.whl (236 kB)
[00:13]      --------------------------------------- 236.0/236.0 kB 14.1 MB/s eta 0:00:00
[00:13]   Downloading python_dateutil-2.9.0.post0-py2.py3-none-any.whl (229 kB)
[00:13]      --------------------------------------- 229.9/229.9 kB 13.7 MB/s eta 0:00:00
[00:13]   Downloading six-1.17.0-py2.py3-none-any.whl (11 kB)
[00:13]   Installing collected packages: xxhash, vhacdx, uv, trimesh, tomli-w, svg.path, six, shapely, rtree, rpds-py, mapbox_earcut, manifold3d, lxml, comfy-3d-viewers, colorlog, referencing, python-dateutil, libigl, comfy-env, pycollada, jsonschema-specifications, jsonschema
[00:13]   Successfully installed colorlog-6.10.1 comfy-3d-viewers-0.2.1 comfy-env-0.1.10 jsonschema-4.26.0 jsonschema-specifications-2025.9.1 libigl-2.6.1 lxml-6.0.2 manifold3d-3.3.2 mapbox_earcut-2.0.0 pycollada-0.9.3 python-dateutil-2.9.0.post0 referencing-0.37.0 rpds-py-0.30.0 rtree-1.4.1 shapely-2.1.2 six-1.17.0 svg.path-7.0 tomli-w-1.2.0 trimesh-4.11.1 uv-0.9.28 vhacdx-0.0.10 xxhash-3.6.0
[00:13] Running install.py...
[00:13] Running: C:\Users\runneradmin\venv\venv\Scripts\python.exe C:\Users\runneradmin\venv\ComfyUI\custom_nodes\ComfyUI-UniRig\install.py
[03:33]   [apt] Skipping apt packages (not Linux)
[03:33]   
[03:33]   [env] Setting 1 persistent environment variable(s)...
[03:33]     - PYTORCH_CUDA_ALLOC_CONF=backend:native
[03:33]     [env] Set PYTORCH_CUDA_ALLOC_CONF (Windows registry)
[03:33]   [env] Restart terminal/ComfyUI for changes to take effect
[03:33]   
[03:33]   Installing 1 node dependencies...
[03:33]     Cloning ComfyUI-GeometryPack from https://github.com/PozzettiAndrea/ComfyUI-GeometryPack...
[03:33]     Installing requirements for ComfyUI-GeometryPack...
[03:33]     Warning: Failed to install ComfyUI-GeometryPack: [WinError 2] The system cannot find the file specified
[03:33]   No packages to install
[03:33]   
[03:33]   [isolated] Installing: nodes\nodes_blender
[03:33]   Pixi not found, downloading...
[03:33]   Installed pixi to: C:\Users\runneradmin\.local\bin\pixi.exe
[03:33]   Using specified Python 3.11
[03:33]   Generated C:\Users\runneradmin\venv\ComfyUI\custom_nodes\ComfyUI-UniRig\nodes\nodes_blender\pixi.toml
[03:33]   Running pixi install...
[03:33]   Moved environment to C:\Users\runneradmin\venv\ComfyUI\custom_nodes\ComfyUI-UniRig\nodes\nodes_blender\_env_nodes_blender
[03:33]   Installation complete!
[03:33]   
[03:33]   [isolated] Installing: nodes\nodes_gpu
[03:33]   Detected CUDA 12.8 -> PyTorch 2.8
[03:33]   Generated C:\Users\runneradmin\venv\ComfyUI\custom_nodes\ComfyUI-UniRig\nodes\nodes_gpu\pixi.toml
[03:33]   Running pixi install...
[03:33]   Installing CUDA packages: ['torch-scatter', 'torch-cluster', 'spconv', 'flash-attn']
[03:33]     Installing torch-scatter from https://data.pyg.org/whl/torch-2.8.0%2Bcu128/torch_scatter-2.1.2%2Bpt28cu128-cp311-cp311-win_amd64.whl
[03:33]     Installing torch-cluster from https://data.pyg.org/whl/torch-2.8.0%2Bcu128/torch_cluster-1.6.3%2Bpt28cu128-cp311-cp311-win_amd64.whl
[03:33]     Installing spconv from https://github.com/PozzettiAndrea/cuda-wheels/releases/download/spconv_cu128-latest/spconv_cu128-2.3.8%2Bcu128torch28-cp311-cp311-win_amd64.whl
[03:33] Command failed with code 1
[03:33] stderr: Traceback (most recent call last):
  File "C:\Users\runneradmin\venv\ComfyUI\custom_nodes\ComfyUI-UniRig\install.py", line 2, in <module>
    install()
  File "C:\Users\runneradmin\venv\venv\Lib\site-packages\comfy_env\install.py", line 74, in install
    _install_isolated_subdirs(node_dir, log, dry_run)
  File "C:\Users\runneradmin\venv\venv\Lib\site-packages\comfy_env\install.py", line 318, in _install_isolated_subdirs
    pixi_install(sub_cfg, sub_dir, log)
  File "C:\Users\runneradmin\venv\venv\Lib\site-packages\comfy_env\pixi\core.py", line 505, in pixi_install
    raise RuntimeError(
RuntimeError: No wheel found for flash-attn with CUDA 12.8, torch 2.8, Python 3.11. Check cuda-wheels index.

[03:33] Tearing down Windows isolation...
[03:33]   Environment restored
[03:33]   Isolation torn down
[03:33] 
windows: FAILED (unexpected error)
[03:33] Error: Command '['C:\\Users\\runneradmin\\venv\\venv\\Scripts\\python.exe', 'C:\\Users\\runneradmin\\venv\\ComfyUI\\custom_nodes\\ComfyUI-UniRig\\install.py']' returned non-zero exit status 1.
