[00:00] Crash dump logging enabled: /home/runner/work/ComfyUI-UniRig/ComfyUI-UniRig/comfy-test-results/crash_dump.log
[00:00] 
[00:00] [1/7] SYNTAX
[00:00] ----------------------------------------
[00:00] Found pyproject.toml (modern format)
[00:00] Found requirements.txt (legacy format)
[00:00] Unicode check: OK (all characters cp1252-safe)
[00:00] [SYNTAX] PASSED
[00:00] 
[00:00] [2/7] INSTALL
[00:00] ----------------------------------------
[00:00] Using existing ComfyUI: /home/runner/venv/ComfyUI
[00:00] Installing custom node...
[00:00] Linking ComfyUI-UniRig to custom_nodes/...
[00:00] Installing node requirements...
[00:00] Running: uv pip install --system -r /home/runner/work/ComfyUI-UniRig/ComfyUI-UniRig/requirements.txt
[00:01] Running install.py...
[00:01] Running: /home/runner/venv/venv/bin/python /home/runner/work/ComfyUI-UniRig/ComfyUI-UniRig/install.py
[00:01] Command failed with code 1
[00:01] stderr: Traceback (most recent call last):
  File "/home/runner/work/ComfyUI-UniRig/ComfyUI-UniRig/install.py", line 1, in <module>
    from comfy_env import install
ModuleNotFoundError: No module named 'comfy_env'

[00:01] 
linux: FAILED (unexpected error)
[00:01] Error: Command '['/home/runner/venv/venv/bin/python', '/home/runner/work/ComfyUI-UniRig/ComfyUI-UniRig/install.py']' returned non-zero exit status 1.
