[00:00] Crash dump logging enabled: D:\a\ComfyUI-UniRig\ComfyUI-UniRig\.comfy-test\crash_dump.log
[00:00] 
[00:00] [1/7] SYNTAX
[00:00] ----------------------------------------
[00:00] Found pyproject.toml (modern format)
[00:00] Found requirements.txt (legacy format)
[00:00] Unicode check: OK (all characters cp1252-safe)
[00:00] [SYNTAX] PASSED
[00:00] 
[00:00] [2/7] INSTALL
[00:00] ----------------------------------------
[00:00] Setting up ComfyUI...
[00:00] Fetching latest release version...
[00:00] Latest version: v0.11.0
[00:00] Downloading portable ComfyUI from https://github.com/comfyanonymous/ComfyUI/releases/download/v0.11.0/ComfyUI_windows_portable_nvidia.7z...
[00:02]   Downloaded: 10%
[00:03]   Downloaded: 20%
[00:04]   Downloaded: 30%
[00:05]   Downloaded: 40%
[00:06]   Downloaded: 50%
[00:07]   Downloaded: 60%
[00:12]   Downloaded: 70%
[00:14]   Downloaded: 80%
[00:14]   Downloaded: 90%
[00:16]   Downloaded: 100%
[00:16] Downloaded to C:\Users\runneradmin\.comfy-test\cache\portable\ComfyUI_portable_v0.11.0.7z
[00:16] Extracting to cache: C:\Users\runneradmin\.comfy-test\cache\portable\ComfyUI_portable_v0.11.0
[00:16] Extracting ComfyUI_portable_v0.11.0.7z...
[00:16] Using 7z: 7z
[02:27] Extracted to C:\Users\runneradmin\.comfy-test\cache\portable\ComfyUI_portable_v0.11.0
[02:27] Extracting to: C:\Users\runneradmin\Desktop\portabletest
[02:27] Extracting ComfyUI_portable_v0.11.0.7z...
[02:27] Using 7z: 7z
[04:31] Extracted to C:\Users\runneradmin\Desktop\portabletest
[04:31] Installing custom node...
[04:31] Copying ComfyUI-UniRig to custom_nodes/...
[04:32] Installing node requirements...
[04:32] Running: C:\Users\runneradmin\Desktop\portabletest\ComfyUI_windows_portable\python_embeded\python.exe -m pip install -r C:\Users\runneradmin\Desktop\portabletest\ComfyUI_windows_portable\ComfyUI\custom_nodes\ComfyUI-UniRig\requirements.txt
[05:42]   Collecting comfy-env==0.0.45 (from -r C:\Users\runneradmin\Desktop\portabletest\ComfyUI_windows_portable\ComfyUI\custom_nodes\ComfyUI-UniRig\requirements.txt (line 2))
[05:42]     Downloading comfy_env-0.0.45-py3-none-any.whl.metadata (7.1 kB)
[05:42]   Collecting comfy-3d-viewers>=0.1.0 (from -r C:\Users\runneradmin\Desktop\portabletest\ComfyUI_windows_portable\ComfyUI\custom_nodes\ComfyUI-UniRig\requirements.txt (line 5))
[05:42]     Downloading comfy_3d_viewers-0.2.1-py3-none-any.whl.metadata (2.2 kB)
[05:42]   Collecting trimesh (from -r C:\Users\runneradmin\Desktop\portabletest\ComfyUI_windows_portable\ComfyUI\custom_nodes\ComfyUI-UniRig\requirements.txt (line 8))
[05:42]     Downloading trimesh-4.11.1-py3-none-any.whl.metadata (13 kB)
[05:42]   Requirement already satisfied: numpy in c:\users\runneradmin\desktop\portabletest\comfyui_windows_portable\python_embeded\lib\site-packages (from -r C:\Users\runneradmin\Desktop\portabletest\ComfyUI_windows_portable\ComfyUI\custom_nodes\ComfyUI-UniRig\requirements.txt (line 9)) (2.4.1)
[05:42]   Requirement already satisfied: scipy in c:\users\runneradmin\desktop\portabletest\comfyui_windows_portable\python_embeded\lib\site-packages (from -r C:\Users\runneradmin\Desktop\portabletest\ComfyUI_windows_portable\ComfyUI\custom_nodes\ComfyUI-UniRig\requirements.txt (line 10)) (1.17.0)
[05:42]   Collecting PyOpenGL==3.1.0 (from -r C:\Users\runneradmin\Desktop\portabletest\ComfyUI_windows_portable\ComfyUI\custom_nodes\ComfyUI-UniRig\requirements.txt (line 11))
[05:42]     Downloading PyOpenGL-3.1.0.zip (2.2 MB)
[05:42]        ---------------------------------------- 2.2/2.2 MB 20.5 MB/s  0:00:00
[05:42]     Installing build dependencies: started
[05:42]     Installing build dependencies: finished with status 'done'
[05:42]     Getting requirements to build wheel: started
[05:42]     Getting requirements to build wheel: finished with status 'done'
[05:42]     Preparing metadata (pyproject.toml): started
[05:42]     Preparing metadata (pyproject.toml): finished with status 'done'
[05:42]   Collecting pyrender (from -r C:\Users\runneradmin\Desktop\portabletest\ComfyUI_windows_portable\ComfyUI\custom_nodes\ComfyUI-UniRig\requirements.txt (line 12))
[05:42]     Downloading pyrender-0.1.45-py3-none-any.whl.metadata (1.5 kB)
[05:42]   Collecting libigl (from -r C:\Users\runneradmin\Desktop\portabletest\ComfyUI_windows_portable\ComfyUI\custom_nodes\ComfyUI-UniRig\requirements.txt (line 13))
[05:42]     Downloading libigl-2.6.1-cp312-abi3-win_amd64.whl.metadata (4.8 kB)
[05:42]   Collecting transformers==4.51.3 (from -r C:\Users\runneradmin\Desktop\portabletest\ComfyUI_windows_portable\ComfyUI\custom_nodes\ComfyUI-UniRig\requirements.txt (line 16))
[05:42]     Downloading transformers-4.51.3-py3-none-any.whl.metadata (38 kB)
[05:42]   Collecting pytorch-lightning (from -r C:\Users\runneradmin\Desktop\portabletest\ComfyUI_windows_portable\ComfyUI\custom_nodes\ComfyUI-UniRig\requirements.txt (line 17))
[05:42]     Downloading pytorch_lightning-2.6.0-py3-none-any.whl.metadata (21 kB)
[05:42]   Collecting lightning (from -r C:\Users\runneradmin\Desktop\portabletest\ComfyUI_windows_portable\ComfyUI\custom_nodes\ComfyUI-UniRig\requirements.txt (line 18))
[05:42]     Downloading lightning-2.6.0-py3-none-any.whl.metadata (44 kB)
[05:42]   Collecting timm (from -r C:\Users\runneradmin\Desktop\portabletest\ComfyUI_windows_portable\ComfyUI\custom_nodes\ComfyUI-UniRig\requirements.txt (line 19))
[05:42]     Downloading timm-1.0.24-py3-none-any.whl.metadata (38 kB)
[05:42]   Requirement already satisfied: einops in c:\users\runneradmin\desktop\portabletest\comfyui_windows_portable\python_embeded\lib\site-packages (from -r C:\Users\runneradmin\Desktop\portabletest\ComfyUI_windows_portable\ComfyUI\custom_nodes\ComfyUI-UniRig\requirements.txt (line 20)) (0.8.2)
[05:42]   Collecting addict (from -r C:\Users\runneradmin\Desktop\portabletest\ComfyUI_windows_portable\ComfyUI\custom_nodes\ComfyUI-UniRig\requirements.txt (line 21))
[05:42]     Downloading addict-2.4.0-py3-none-any.whl.metadata (1.0 kB)
[05:42]   Collecting omegaconf (from -r C:\Users\runneradmin\Desktop\portabletest\ComfyUI_windows_portable\ComfyUI\custom_nodes\ComfyUI-UniRig\requirements.txt (line 24))
[05:42]     Downloading omegaconf-2.3.0-py3-none-any.whl.metadata (3.9 kB)
[05:42]   Collecting python-box (from -r C:\Users\runneradmin\Desktop\portabletest\ComfyUI_windows_portable\ComfyUI\custom_nodes\ComfyUI-UniRig\requirements.txt (line 25))
[05:42]     Downloading python_box-7.3.2-cp313-cp313-win_amd64.whl.metadata (8.3 kB)
[05:42]   Requirement already satisfied: huggingface-hub in c:\users\runneradmin\desktop\portabletest\comfyui_windows_portable\python_embeded\lib\site-packages (from -r C:\Users\runneradmin\Desktop\portabletest\ComfyUI_windows_portable\ComfyUI\custom_nodes\ComfyUI-UniRig\requirements.txt (line 28)) (1.3.4)
[05:42]   Requirement already satisfied: hf_xet in c:\users\runneradmin\desktop\portabletest\comfyui_windows_portable\python_embeded\lib\site-packages (from -r C:\Users\runneradmin\Desktop\portabletest\ComfyUI_windows_portable\ComfyUI\custom_nodes\ComfyUI-UniRig\requirements.txt (line 29)) (1.2.0)
[05:42]   Collecting fast-simplification (from -r C:\Users\runneradmin\Desktop\portabletest\ComfyUI_windows_portable\ComfyUI\custom_nodes\ComfyUI-UniRig\requirements.txt (line 32))
[05:42]     Downloading fast_simplification-0.1.13-cp311-abi3-win_amd64.whl.metadata (10 kB)
[05:42]   Requirement already satisfied: pyyaml>=6.0 in c:\users\runneradmin\desktop\portabletest\comfyui_windows_portable\python_embeded\lib\site-packages (from comfy-env==0.0.45->-r C:\Users\runneradmin\Desktop\portabletest\ComfyUI_windows_portable\ComfyUI\custom_nodes\ComfyUI-UniRig\requirements.txt (line 2)) (6.0.3)
[05:42]   Collecting uv>=0.4.0 (from comfy-env==0.0.45->-r C:\Users\runneradmin\Desktop\portabletest\ComfyUI_windows_portable\ComfyUI\custom_nodes\ComfyUI-UniRig\requirements.txt (line 2))
[05:42]     Using cached uv-0.9.27-py3-none-win_amd64.whl.metadata (12 kB)
[05:42]   Requirement already satisfied: filelock in c:\users\runneradmin\desktop\portabletest\comfyui_windows_portable\python_embeded\lib\site-packages (from transformers==4.51.3->-r C:\Users\runneradmin\Desktop\portabletest\ComfyUI_windows_portable\ComfyUI\custom_nodes\ComfyUI-UniRig\requirements.txt (line 16)) (3.20.3)
[05:42]   Collecting huggingface-hub (from -r C:\Users\runneradmin\Desktop\portabletest\ComfyUI_windows_portable\ComfyUI\custom_nodes\ComfyUI-UniRig\requirements.txt (line 28))
[05:42]     Downloading huggingface_hub-0.36.0-py3-none-any.whl.metadata (14 kB)
[05:42]   Requirement already satisfied: packaging>=20.0 in c:\users\runneradmin\desktop\portabletest\comfyui_windows_portable\python_embeded\lib\site-packages (from transformers==4.51.3->-r C:\Users\runneradmin\Desktop\portabletest\ComfyUI_windows_portable\ComfyUI\custom_nodes\ComfyUI-UniRig\requirements.txt (line 16)) (26.0)
[05:42]   Requirement already satisfied: regex!=2019.12.17 in c:\users\runneradmin\desktop\portabletest\comfyui_windows_portable\python_embeded\lib\site-packages (from transformers==4.51.3->-r C:\Users\runneradmin\Desktop\portabletest\ComfyUI_windows_portable\ComfyUI\custom_nodes\ComfyUI-UniRig\requirements.txt (line 16)) (2026.1.15)
[05:42]   Requirement already satisfied: requests in c:\users\runneradmin\desktop\portabletest\comfyui_windows_portable\python_embeded\lib\site-packages (from transformers==4.51.3->-r C:\Users\runneradmin\Desktop\portabletest\ComfyUI_windows_portable\ComfyUI\custom_nodes\ComfyUI-UniRig\requirements.txt (line 16)) (2.32.5)
[05:42]   Collecting tokenizers<0.22,>=0.21 (from transformers==4.51.3->-r C:\Users\runneradmin\Desktop\portabletest\ComfyUI_windows_portable\ComfyUI\custom_nodes\ComfyUI-UniRig\requirements.txt (line 16))
[05:42]     Downloading tokenizers-0.21.4-cp39-abi3-win_amd64.whl.metadata (6.9 kB)
[05:42]   Requirement already satisfied: safetensors>=0.4.3 in c:\users\runneradmin\desktop\portabletest\comfyui_windows_portable\python_embeded\lib\site-packages (from transformers==4.51.3->-r C:\Users\runneradmin\Desktop\portabletest\ComfyUI_windows_portable\ComfyUI\custom_nodes\ComfyUI-UniRig\requirements.txt (line 16)) (0.7.0)
[05:42]   Requirement already satisfied: tqdm>=4.27 in c:\users\runneradmin\desktop\portabletest\comfyui_windows_portable\python_embeded\lib\site-packages (from transformers==4.51.3->-r C:\Users\runneradmin\Desktop\portabletest\ComfyUI_windows_portable\ComfyUI\custom_nodes\ComfyUI-UniRig\requirements.txt (line 16)) (4.67.1)
[05:42]   Requirement already satisfied: fsspec>=2023.5.0 in c:\users\runneradmin\desktop\portabletest\comfyui_windows_portable\python_embeded\lib\site-packages (from huggingface-hub->-r C:\Users\runneradmin\Desktop\portabletest\ComfyUI_windows_portable\ComfyUI\custom_nodes\ComfyUI-UniRig\requirements.txt (line 28)) (2026.1.0)
[05:42]   Requirement already satisfied: typing-extensions>=3.7.4.3 in c:\users\runneradmin\desktop\portabletest\comfyui_windows_portable\python_embeded\lib\site-packages (from huggingface-hub->-r C:\Users\runneradmin\Desktop\portabletest\ComfyUI_windows_portable\ComfyUI\custom_nodes\ComfyUI-UniRig\requirements.txt (line 28)) (4.15.0)
[05:42]   Collecting freetype-py (from pyrender->-r C:\Users\runneradmin\Desktop\portabletest\ComfyUI_windows_portable\ComfyUI\custom_nodes\ComfyUI-UniRig\requirements.txt (line 12))
[05:42]     Downloading freetype_py-2.5.1-py3-none-win_amd64.whl.metadata (6.5 kB)
[05:42]   Collecting imageio (from pyrender->-r C:\Users\runneradmin\Desktop\portabletest\ComfyUI_windows_portable\ComfyUI\custom_nodes\ComfyUI-UniRig\requirements.txt (line 12))
[05:42]     Downloading imageio-2.37.2-py3-none-any.whl.metadata (9.7 kB)
[05:42]   Requirement already satisfied: networkx in c:\users\runneradmin\desktop\portabletest\comfyui_windows_portable\python_embeded\lib\site-packages (from pyrender->-r C:\Users\runneradmin\Desktop\portabletest\ComfyUI_windows_portable\ComfyUI\custom_nodes\ComfyUI-UniRig\requirements.txt (line 12)) (3.6.1)
[05:42]   Requirement already satisfied: Pillow in c:\users\runneradmin\desktop\portabletest\comfyui_windows_portable\python_embeded\lib\site-packages (from pyrender->-r C:\Users\runneradmin\Desktop\portabletest\ComfyUI_windows_portable\ComfyUI\custom_nodes\ComfyUI-UniRig\requirements.txt (line 12)) (12.1.0)
[05:42]   Collecting pyglet>=1.4.10 (from pyrender->-r C:\Users\runneradmin\Desktop\portabletest\ComfyUI_windows_portable\ComfyUI\custom_nodes\ComfyUI-UniRig\requirements.txt (line 12))
[05:42]     Downloading pyglet-2.1.12-py3-none-any.whl.metadata (7.7 kB)
[05:42]   Collecting six (from pyrender->-r C:\Users\runneradmin\Desktop\portabletest\ComfyUI_windows_portable\ComfyUI\custom_nodes\ComfyUI-UniRig\requirements.txt (line 12))
[05:42]     Downloading six-1.17.0-py2.py3-none-any.whl.metadata (1.7 kB)
[05:42]   Requirement already satisfied: torch>=2.1.0 in c:\users\runneradmin\desktop\portabletest\comfyui_windows_portable\python_embeded\lib\site-packages (from pytorch-lightning->-r C:\Users\runneradmin\Desktop\portabletest\ComfyUI_windows_portable\ComfyUI\custom_nodes\ComfyUI-UniRig\requirements.txt (line 17)) (2.10.0+cu130)
[05:42]   Collecting torchmetrics>0.7.0 (from pytorch-lightning->-r C:\Users\runneradmin\Desktop\portabletest\ComfyUI_windows_portable\ComfyUI\custom_nodes\ComfyUI-UniRig\requirements.txt (line 17))
[05:42]     Downloading torchmetrics-1.8.2-py3-none-any.whl.metadata (22 kB)
[05:42]   Collecting lightning-utilities>=0.10.0 (from pytorch-lightning->-r C:\Users\runneradmin\Desktop\portabletest\ComfyUI_windows_portable\ComfyUI\custom_nodes\ComfyUI-UniRig\requirements.txt (line 17))
[05:42]     Downloading lightning_utilities-0.15.2-py3-none-any.whl.metadata (5.7 kB)
[05:42]   Requirement already satisfied: aiohttp!=4.0.0a0,!=4.0.0a1 in c:\users\runneradmin\desktop\portabletest\comfyui_windows_portable\python_embeded\lib\site-packages (from fsspec[http]>=2022.5.0->pytorch-lightning->-r C:\Users\runneradmin\Desktop\portabletest\ComfyUI_windows_portable\ComfyUI\custom_nodes\ComfyUI-UniRig\requirements.txt (line 17)) (3.13.3)
[05:42]   Requirement already satisfied: setuptools in c:\users\runneradmin\desktop\portabletest\comfyui_windows_portable\python_embeded\lib\site-packages (from lightning-utilities>=0.10.0->pytorch-lightning->-r C:\Users\runneradmin\Desktop\portabletest\ComfyUI_windows_portable\ComfyUI\custom_nodes\ComfyUI-UniRig\requirements.txt (line 17)) (80.10.2)
[05:42]   Requirement already satisfied: sympy>=1.13.3 in c:\users\runneradmin\desktop\portabletest\comfyui_windows_portable\python_embeded\lib\site-packages (from torch>=2.1.0->pytorch-lightning->-r C:\Users\runneradmin\Desktop\portabletest\ComfyUI_windows_portable\ComfyUI\custom_nodes\ComfyUI-UniRig\requirements.txt (line 17)) (1.14.0)
[05:42]   Requirement already satisfied: jinja2 in c:\users\runneradmin\desktop\portabletest\comfyui_windows_portable\python_embeded\lib\site-packages (from torch>=2.1.0->pytorch-lightning->-r C:\Users\runneradmin\Desktop\portabletest\ComfyUI_windows_portable\ComfyUI\custom_nodes\ComfyUI-UniRig\requirements.txt (line 17)) (3.1.6)
[05:42]   Requirement already satisfied: colorama in c:\users\runneradmin\desktop\portabletest\comfyui_windows_portable\python_embeded\lib\site-packages (from tqdm>=4.27->transformers==4.51.3->-r C:\Users\runneradmin\Desktop\portabletest\ComfyUI_windows_portable\ComfyUI\custom_nodes\ComfyUI-UniRig\requirements.txt (line 16)) (0.4.6)
[05:42]   Requirement already satisfied: torchvision in c:\users\runneradmin\desktop\portabletest\comfyui_windows_portable\python_embeded\lib\site-packages (from timm->-r C:\Users\runneradmin\Desktop\portabletest\ComfyUI_windows_portable\ComfyUI\custom_nodes\ComfyUI-UniRig\requirements.txt (line 19)) (0.25.0+cu130)
[05:42]   Collecting antlr4-python3-runtime==4.9.* (from omegaconf->-r C:\Users\runneradmin\Desktop\portabletest\ComfyUI_windows_portable\ComfyUI\custom_nodes\ComfyUI-UniRig\requirements.txt (line 24))
[05:42]     Downloading antlr4-python3-runtime-4.9.3.tar.gz (117 kB)
[05:42]     Installing build dependencies: started
[05:42]     Installing build dependencies: finished with status 'done'
[05:42]     Getting requirements to build wheel: started
[05:42]     Getting requirements to build wheel: finished with status 'done'
[05:42]     Preparing metadata (pyproject.toml): started
[05:42]     Preparing metadata (pyproject.toml): finished with status 'done'
[05:42]   Requirement already satisfied: aiohappyeyeballs>=2.5.0 in c:\users\runneradmin\desktop\portabletest\comfyui_windows_portable\python_embeded\lib\site-packages (from aiohttp!=4.0.0a0,!=4.0.0a1->fsspec[http]>=2022.5.0->pytorch-lightning->-r C:\Users\runneradmin\Desktop\portabletest\ComfyUI_windows_portable\ComfyUI\custom_nodes\ComfyUI-UniRig\requirements.txt (line 17)) (2.6.1)
[05:42]   Requirement already satisfied: aiosignal>=1.4.0 in c:\users\runneradmin\desktop\portabletest\comfyui_windows_portable\python_embeded\lib\site-packages (from aiohttp!=4.0.0a0,!=4.0.0a1->fsspec[http]>=2022.5.0->pytorch-lightning->-r C:\Users\runneradmin\Desktop\portabletest\ComfyUI_windows_portable\ComfyUI\custom_nodes\ComfyUI-UniRig\requirements.txt (line 17)) (1.4.0)
[05:42]   Requirement already satisfied: attrs>=17.3.0 in c:\users\runneradmin\desktop\portabletest\comfyui_windows_portable\python_embeded\lib\site-packages (from aiohttp!=4.0.0a0,!=4.0.0a1->fsspec[http]>=2022.5.0->pytorch-lightning->-r C:\Users\runneradmin\Desktop\portabletest\ComfyUI_windows_portable\ComfyUI\custom_nodes\ComfyUI-UniRig\requirements.txt (line 17)) (25.4.0)
[05:42]   Requirement already satisfied: frozenlist>=1.1.1 in c:\users\runneradmin\desktop\portabletest\comfyui_windows_portable\python_embeded\lib\site-packages (from aiohttp!=4.0.0a0,!=4.0.0a1->fsspec[http]>=2022.5.0->pytorch-lightning->-r C:\Users\runneradmin\Desktop\portabletest\ComfyUI_windows_portable\ComfyUI\custom_nodes\ComfyUI-UniRig\requirements.txt (line 17)) (1.8.0)
[05:42]   Requirement already satisfied: multidict<7.0,>=4.5 in c:\users\runneradmin\desktop\portabletest\comfyui_windows_portable\python_embeded\lib\site-packages (from aiohttp!=4.0.0a0,!=4.0.0a1->fsspec[http]>=2022.5.0->pytorch-lightning->-r C:\Users\runneradmin\Desktop\portabletest\ComfyUI_windows_portable\ComfyUI\custom_nodes\ComfyUI-UniRig\requirements.txt (line 17)) (6.7.1)
[05:42]   Requirement already satisfied: propcache>=0.2.0 in c:\users\runneradmin\desktop\portabletest\comfyui_windows_portable\python_embeded\lib\site-packages (from aiohttp!=4.0.0a0,!=4.0.0a1->fsspec[http]>=2022.5.0->pytorch-lightning->-r C:\Users\runneradmin\Desktop\portabletest\ComfyUI_windows_portable\ComfyUI\custom_nodes\ComfyUI-UniRig\requirements.txt (line 17)) (0.4.1)
[05:42]   Requirement already satisfied: yarl<2.0,>=1.17.0 in c:\users\runneradmin\desktop\portabletest\comfyui_windows_portable\python_embeded\lib\site-packages (from aiohttp!=4.0.0a0,!=4.0.0a1->fsspec[http]>=2022.5.0->pytorch-lightning->-r C:\Users\runneradmin\Desktop\portabletest\ComfyUI_windows_portable\ComfyUI\custom_nodes\ComfyUI-UniRig\requirements.txt (line 17)) (1.22.0)
[05:42]   Requirement already satisfied: idna>=2.0 in c:\users\runneradmin\desktop\portabletest\comfyui_windows_portable\python_embeded\lib\site-packages (from yarl<2.0,>=1.17.0->aiohttp!=4.0.0a0,!=4.0.0a1->fsspec[http]>=2022.5.0->pytorch-lightning->-r C:\Users\runneradmin\Desktop\portabletest\ComfyUI_windows_portable\ComfyUI\custom_nodes\ComfyUI-UniRig\requirements.txt (line 17)) (3.11)
[05:42]   Requirement already satisfied: mpmath<1.4,>=1.1.0 in c:\users\runneradmin\desktop\portabletest\comfyui_windows_portable\python_embeded\lib\site-packages (from sympy>=1.13.3->torch>=2.1.0->pytorch-lightning->-r C:\Users\runneradmin\Desktop\portabletest\ComfyUI_windows_portable\ComfyUI\custom_nodes\ComfyUI-UniRig\requirements.txt (line 17)) (1.3.0)
[05:42]   Requirement already satisfied: MarkupSafe>=2.0 in c:\users\runneradmin\desktop\portabletest\comfyui_windows_portable\python_embeded\lib\site-packages (from jinja2->torch>=2.1.0->pytorch-lightning->-r C:\Users\runneradmin\Desktop\portabletest\ComfyUI_windows_portable\ComfyUI\custom_nodes\ComfyUI-UniRig\requirements.txt (line 17)) (3.0.3)
[05:42]   Requirement already satisfied: charset_normalizer<4,>=2 in c:\users\runneradmin\desktop\portabletest\comfyui_windows_portable\python_embeded\lib\site-packages (from requests->transformers==4.51.3->-r C:\Users\runneradmin\Desktop\portabletest\ComfyUI_windows_portable\ComfyUI\custom_nodes\ComfyUI-UniRig\requirements.txt (line 16)) (3.4.4)
[05:42]   Requirement already satisfied: urllib3<3,>=1.21.1 in c:\users\runneradmin\desktop\portabletest\comfyui_windows_portable\python_embeded\lib\site-packages (from requests->transformers==4.51.3->-r C:\Users\runneradmin\Desktop\portabletest\ComfyUI_windows_portable\ComfyUI\custom_nodes\ComfyUI-UniRig\requirements.txt (line 16)) (2.6.3)
[05:42]   Requirement already satisfied: certifi>=2017.4.17 in c:\users\runneradmin\desktop\portabletest\comfyui_windows_portable\python_embeded\lib\site-packages (from requests->transformers==4.51.3->-r C:\Users\runneradmin\Desktop\portabletest\ComfyUI_windows_portable\ComfyUI\custom_nodes\ComfyUI-UniRig\requirements.txt (line 16)) (2026.1.4)
[05:42]   Downloading comfy_env-0.0.45-py3-none-any.whl (103 kB)
[05:42]   Downloading transformers-4.51.3-py3-none-any.whl (10.4 MB)
[05:42]      ---------------------------------------- 10.4/10.4 MB 127.6 MB/s  0:00:00
[05:42]   Downloading huggingface_hub-0.36.0-py3-none-any.whl (566 kB)
[05:42]      ---------------------------------------- 566.1/566.1 kB 5.2 MB/s  0:00:00
[05:42]   Downloading tokenizers-0.21.4-cp39-abi3-win_amd64.whl (2.5 MB)
[05:42]      ---------------------------------------- 2.5/2.5 MB 33.6 MB/s  0:00:00
[05:42]   Downloading comfy_3d_viewers-0.2.1-py3-none-any.whl (1.3 MB)
[05:42]      ---------------------------------------- 1.3/1.3 MB 24.8 MB/s  0:00:00
[05:42]   Downloading trimesh-4.11.1-py3-none-any.whl (740 kB)
[05:42]      ---------------------------------------- 740.4/740.4 kB 21.0 MB/s  0:00:00
[05:42]   Downloading pyrender-0.1.45-py3-none-any.whl (1.2 MB)
[05:42]      ---------------------------------------- 1.2/1.2 MB 27.3 MB/s  0:00:00
[05:42]   Downloading libigl-2.6.1-cp312-abi3-win_amd64.whl (13.5 MB)
[05:42]      ---------------------------------------- 13.5/13.5 MB 78.6 MB/s  0:00:00
[05:42]   Downloading pytorch_lightning-2.6.0-py3-none-any.whl (849 kB)
[05:42]      ---------------------------------------- 849.5/849.5 kB 10.2 MB/s  0:00:00
[05:42]   Downloading lightning-2.6.0-py3-none-any.whl (845 kB)
[05:42]      ---------------------------------------- 846.0/846.0 kB 9.8 MB/s  0:00:00
[05:42]   Downloading lightning_utilities-0.15.2-py3-none-any.whl (29 kB)
[05:42]   Downloading torchmetrics-1.8.2-py3-none-any.whl (983 kB)
[05:42]      ---------------------------------------- 983.2/983.2 kB 20.4 MB/s  0:00:00
[05:42]   Downloading timm-1.0.24-py3-none-any.whl (2.6 MB)
[05:42]      ---------------------------------------- 2.6/2.6 MB 29.5 MB/s  0:00:00
[05:42]   Downloading addict-2.4.0-py3-none-any.whl (3.8 kB)
[05:42]   Downloading omegaconf-2.3.0-py3-none-any.whl (79 kB)
[05:42]   Downloading python_box-7.3.2-cp313-cp313-win_amd64.whl (1.2 MB)
[05:42]      ---------------------------------------- 1.2/1.2 MB 23.0 MB/s  0:00:00
[05:42]   Downloading fast_simplification-0.1.13-cp311-abi3-win_amd64.whl (378 kB)
[05:42]   Downloading pyglet-2.1.12-py3-none-any.whl (1.0 MB)
[05:42]      ---------------------------------------- 1.0/1.0 MB 15.7 MB/s  0:00:00
[05:42]   Using cached uv-0.9.27-py3-none-win_amd64.whl (23.4 MB)
[05:42]   Downloading freetype_py-2.5.1-py3-none-win_amd64.whl (814 kB)
[05:42]      ---------------------------------------- 814.6/814.6 kB 15.8 MB/s  0:00:00
[05:42]   Downloading imageio-2.37.2-py3-none-any.whl (317 kB)
[05:42]   Downloading six-1.17.0-py2.py3-none-any.whl (11 kB)
[05:42]   Building wheels for collected packages: PyOpenGL, antlr4-python3-runtime
[05:42]     Building wheel for PyOpenGL (pyproject.toml): started
[05:42]     Building wheel for PyOpenGL (pyproject.toml): finished with status 'done'
[05:42]     Created wheel for PyOpenGL: filename=pyopengl-3.1.0-py3-none-any.whl size=1749359 sha256=aaca5e7a53315b3db08c59d544af3e3b63f17f52c52e4c6b7f5c85c008edfe15
[05:42]     Stored in directory: c:\users\runneradmin\appdata\local\pip\cache\wheels\94\1e\b7\936470a7f31b366f4310a639af74c9d485cfa0ecc4b386987e
[05:42]     Building wheel for antlr4-python3-runtime (pyproject.toml): started
[05:42]     Building wheel for antlr4-python3-runtime (pyproject.toml): finished with status 'done'
[05:42]     Created wheel for antlr4-python3-runtime: filename=antlr4_python3_runtime-4.9.3-py3-none-any.whl size=144613 sha256=0e6d45dab8b6776b1a0f81129d08c2be1faaee6b7d25956abec5ae60a0b0fd01
[05:42]     Stored in directory: c:\users\runneradmin\appdata\local\pip\cache\wheels\d5\b3\74\a35b66048c9de6631cd74cbc9475e6feb3e69a467983446bd8
[05:42]   Successfully built PyOpenGL antlr4-python3-runtime
[05:42]   Installing collected packages: PyOpenGL, antlr4-python3-runtime, addict, uv, trimesh, six, python-box, pyglet, omegaconf, lightning-utilities, imageio, freetype-py, fast-simplification, comfy-3d-viewers, pyrender, libigl, huggingface-hub, comfy-env, torchmetrics, tokenizers, transformers, timm, pytorch-lightning, lightning
[05:42]     Attempting uninstall: huggingface-hub
[05:42]       Found existing installation: huggingface_hub 1.3.4
[05:42]       Uninstalling huggingface_hub-1.3.4:
[05:42]         Successfully uninstalled huggingface_hub-1.3.4
[05:42]     Attempting uninstall: tokenizers
[05:42]       Found existing installation: tokenizers 0.22.2
[05:42]       Uninstalling tokenizers-0.22.2:
[05:42]         Successfully uninstalled tokenizers-0.22.2
[05:42]     Attempting uninstall: transformers
[05:42]       Found existing installation: transformers 5.0.0
[05:42]       Uninstalling transformers-5.0.0:
[05:42]         Successfully uninstalled transformers-5.0.0
[05:42]   
[05:42]   Successfully installed PyOpenGL-3.1.0 addict-2.4.0 antlr4-python3-runtime-4.9.3 comfy-3d-viewers-0.2.1 comfy-env-0.0.45 fast-simplification-0.1.13 freetype-py-2.5.1 huggingface-hub-0.36.0 imageio-2.37.2 libigl-2.6.1 lightning-2.6.0 lightning-utilities-0.15.2 omegaconf-2.3.0 pyglet-2.1.12 pyrender-0.1.45 python-box-7.3.2 pytorch-lightning-2.6.0 six-1.17.0 timm-1.0.24 tokenizers-0.21.4 torchmetrics-1.8.2 transformers-4.51.3 trimesh-4.11.1 uv-0.9.27
[05:42] Running install.py...
[05:42] Running: C:\Users\runneradmin\Desktop\portabletest\ComfyUI_windows_portable\python_embeded\python.exe C:\Users\runneradmin\Desktop\portabletest\ComfyUI_windows_portable\ComfyUI\custom_nodes\ComfyUI-UniRig\install.py
[05:45]   ============================================================
[05:45]   ComfyUI-UniRig Installation
[05:45]   ============================================================
[05:45]   
[05:45]   [UniRig] Installation FAILED: install() got an unexpected keyword argument 'config'
[05:45]   [UniRig] Report issues at: https://github.com/PozzettiAndrea/ComfyUI-UniRig/issues
[05:45] Command failed with code 1
[05:45] 
windows-portable: FAILED (unexpected error)
[05:45] Error: Command '['C:\\Users\\runneradmin\\Desktop\\portabletest\\ComfyUI_windows_portable\\python_embeded\\python.exe', 'C:\\Users\\runneradmin\\Desktop\\portabletest\\ComfyUI_windows_portable\\ComfyUI\\custom_nodes\\ComfyUI-UniRig\\install.py']' returned non-zero exit status 1.
